<?xml version="1.0" encoding="UTF-8"?>
<testsuite xmlns:xsi="http://www.w3.org/2001/XMLSchema-instance" xsi:noNamespaceSchemaLocation="https://maven.apache.org/surefire/maven-surefire-plugin/xsd/surefire-test-report.xsd" version="3.0.2" name="com.survey.hotdrynoodle.HotDryNoodleApplicationTests" time="1.595" tests="1" errors="0" skipped="0" failures="0">
  <properties>
    <property name="socksProxyHost" value="127.0.0.1"/>
    <property name="http.proxyHost" value="127.0.0.1"/>
    <property name="java.specification.version" value="17"/>
    <property name="sun.jnu.encoding" value="UTF-8"/>
    <property name="java.class.path" value="/Users/Administrator/Documents/WorkSpace/intellij_learn/geek/spring_study/geektime-spring-family-master/geektime-spring-family-master/Chapter 12/hot-dry-noodle/target/test-classes:/Users/Administrator/Documents/WorkSpace/intellij_learn/geek/spring_study/geektime-spring-family-master/geektime-spring-family-master/Chapter 12/hot-dry-noodle/target/classes:/Users/Administrator/Documents/Storage/MavenRepository/org/springframework/boot/spring-boot-starter/3.5.4/spring-boot-starter-3.5.4.jar:/Users/Administrator/Documents/Storage/MavenRepository/org/springframework/boot/spring-boot/3.5.4/spring-boot-3.5.4.jar:/Users/Administrator/Documents/Storage/MavenRepository/org/springframework/spring-context/6.2.9/spring-context-6.2.9.jar:/Users/Administrator/Documents/Storage/MavenRepository/org/springframework/spring-aop/6.2.9/spring-aop-6.2.9.jar:/Users/Administrator/Documents/Storage/MavenRepository/org/springframework/spring-beans/6.2.9/spring-beans-6.2.9.jar:/Users/Administrator/Documents/Storage/MavenRepository/org/springframework/spring-expression/6.2.9/spring-expression-6.2.9.jar:/Users/Administrator/Documents/Storage/MavenRepository/io/micrometer/micrometer-observation/1.15.2/micrometer-observation-1.15.2.jar:/Users/Administrator/Documents/Storage/MavenRepository/io/micrometer/micrometer-commons/1.15.2/micrometer-commons-1.15.2.jar:/Users/Administrator/Documents/Storage/MavenRepository/org/springframework/boot/spring-boot-autoconfigure/3.5.4/spring-boot-autoconfigure-3.5.4.jar:/Users/Administrator/Documents/Storage/MavenRepository/org/springframework/boot/spring-boot-starter-logging/3.5.4/spring-boot-starter-logging-3.5.4.jar:/Users/Administrator/Documents/Storage/MavenRepository/ch/qos/logback/logback-classic/1.5.18/logback-classic-1.5.18.jar:/Users/Administrator/Documents/Storage/MavenRepository/ch/qos/logback/logback-core/1.5.18/logback-core-1.5.18.jar:/Users/Administrator/Documents/Storage/MavenRepository/org/apache/logging/log4j/log4j-to-slf4j/2.24.3/log4j-to-slf4j-2.24.3.jar:/Users/Administrator/Documents/Storage/MavenRepository/org/apache/logging/log4j/log4j-api/2.24.3/log4j-api-2.24.3.jar:/Users/Administrator/Documents/Storage/MavenRepository/org/slf4j/jul-to-slf4j/2.0.17/jul-to-slf4j-2.0.17.jar:/Users/Administrator/Documents/Storage/MavenRepository/jakarta/annotation/jakarta.annotation-api/2.1.1/jakarta.annotation-api-2.1.1.jar:/Users/Administrator/Documents/Storage/MavenRepository/org/springframework/spring-core/6.2.9/spring-core-6.2.9.jar:/Users/Administrator/Documents/Storage/MavenRepository/org/springframework/spring-jcl/6.2.9/spring-jcl-6.2.9.jar:/Users/Administrator/Documents/Storage/MavenRepository/org/yaml/snakeyaml/2.4/snakeyaml-2.4.jar:/Users/Administrator/Documents/Storage/MavenRepository/org/springframework/boot/spring-boot-starter-test/3.5.4/spring-boot-starter-test-3.5.4.jar:/Users/Administrator/Documents/Storage/MavenRepository/org/springframework/boot/spring-boot-test/3.5.4/spring-boot-test-3.5.4.jar:/Users/Administrator/Documents/Storage/MavenRepository/org/springframework/boot/spring-boot-test-autoconfigure/3.5.4/spring-boot-test-autoconfigure-3.5.4.jar:/Users/Administrator/Documents/Storage/MavenRepository/com/jayway/jsonpath/json-path/2.9.0/json-path-2.9.0.jar:/Users/Administrator/Documents/Storage/MavenRepository/org/slf4j/slf4j-api/2.0.17/slf4j-api-2.0.17.jar:/Users/Administrator/Documents/Storage/MavenRepository/jakarta/xml/bind/jakarta.xml.bind-api/4.0.2/jakarta.xml.bind-api-4.0.2.jar:/Users/Administrator/Documents/Storage/MavenRepository/jakarta/activation/jakarta.activation-api/2.1.3/jakarta.activation-api-2.1.3.jar:/Users/Administrator/Documents/Storage/MavenRepository/net/minidev/json-smart/2.5.2/json-smart-2.5.2.jar:/Users/Administrator/Documents/Storage/MavenRepository/net/minidev/accessors-smart/2.5.2/accessors-smart-2.5.2.jar:/Users/Administrator/Documents/Storage/MavenRepository/org/ow2/asm/asm/9.7.1/asm-9.7.1.jar:/Users/Administrator/Documents/Storage/MavenRepository/org/assertj/assertj-core/3.27.3/assertj-core-3.27.3.jar:/Users/Administrator/Documents/Storage/MavenRepository/net/bytebuddy/byte-buddy/1.17.6/byte-buddy-1.17.6.jar:/Users/Administrator/Documents/Storage/MavenRepository/org/awaitility/awaitility/4.2.2/awaitility-4.2.2.jar:/Users/Administrator/Documents/Storage/MavenRepository/org/hamcrest/hamcrest/3.0/hamcrest-3.0.jar:/Users/Administrator/Documents/Storage/MavenRepository/org/junit/jupiter/junit-jupiter/5.12.2/junit-jupiter-5.12.2.jar:/Users/Administrator/Documents/Storage/MavenRepository/org/junit/jupiter/junit-jupiter-api/5.12.2/junit-jupiter-api-5.12.2.jar:/Users/Administrator/Documents/Storage/MavenRepository/org/opentest4j/opentest4j/1.3.0/opentest4j-1.3.0.jar:/Users/Administrator/Documents/Storage/MavenRepository/org/junit/platform/junit-platform-commons/1.12.2/junit-platform-commons-1.12.2.jar:/Users/Administrator/Documents/Storage/MavenRepository/org/apiguardian/apiguardian-api/1.1.2/apiguardian-api-1.1.2.jar:/Users/Administrator/Documents/Storage/MavenRepository/org/junit/jupiter/junit-jupiter-params/5.12.2/junit-jupiter-params-5.12.2.jar:/Users/Administrator/Documents/Storage/MavenRepository/org/junit/jupiter/junit-jupiter-engine/5.12.2/junit-jupiter-engine-5.12.2.jar:/Users/Administrator/Documents/Storage/MavenRepository/org/junit/platform/junit-platform-engine/1.12.2/junit-platform-engine-1.12.2.jar:/Users/Administrator/Documents/Storage/MavenRepository/org/mockito/mockito-core/5.17.0/mockito-core-5.17.0.jar:/Users/Administrator/Documents/Storage/MavenRepository/net/bytebuddy/byte-buddy-agent/1.17.6/byte-buddy-agent-1.17.6.jar:/Users/Administrator/Documents/Storage/MavenRepository/org/objenesis/objenesis/3.3/objenesis-3.3.jar:/Users/Administrator/Documents/Storage/MavenRepository/org/mockito/mockito-junit-jupiter/5.17.0/mockito-junit-jupiter-5.17.0.jar:/Users/Administrator/Documents/Storage/MavenRepository/org/skyscreamer/jsonassert/1.5.3/jsonassert-1.5.3.jar:/Users/Administrator/Documents/Storage/MavenRepository/com/vaadin/external/google/android-json/0.0.20131108.vaadin1/android-json-0.0.20131108.vaadin1.jar:/Users/Administrator/Documents/Storage/MavenRepository/org/springframework/spring-test/6.2.9/spring-test-6.2.9.jar:/Users/Administrator/Documents/Storage/MavenRepository/org/xmlunit/xmlunit-core/2.10.3/xmlunit-core-2.10.3.jar:"/>
    <property name="https.proxyPort" value="7890"/>
    <property name="java.vm.vendor" value="Eclipse Adoptium"/>
    <property name="sun.arch.data.model" value="64"/>
    <property name="java.vendor.url" value="https://adoptium.net/"/>
    <property name="user.timezone" value="Asia/Shanghai"/>
    <property name="os.name" value="Mac OS X"/>
    <property name="java.vm.specification.version" value="17"/>
    <property name="APPLICATION_NAME" value="hot-dry-noodle"/>
    <property name="sun.java.launcher" value="SUN_STANDARD"/>
    <property name="user.country" value="MY"/>
    <property name="sun.boot.library.path" value="/Users/Administrator/Library/Java/JavaVirtualMachines/temurin-17.0.15/Contents/Home/lib"/>
    <property name="sun.java.command" value="/Users/Administrator/Documents/WorkSpace/intellij_learn/geek/spring_study/geektime-spring-family-master/geektime-spring-family-master/Chapter 12/hot-dry-noodle/target/surefire/surefirebooter-20250814213514291_3.jar /Users/Administrator/Documents/WorkSpace/intellij_learn/geek/spring_study/geektime-spring-family-master/geektime-spring-family-master/Chapter 12/hot-dry-noodle/target/surefire 2025-08-14T21-35-14_199-jvmRun1 surefire-20250814213514291_1tmp surefire_0-20250814213514291_2tmp"/>
    <property name="http.nonProxyHosts" value="127.0.0.1|192.168.0.0/16|*.192.168.0.0/16|10.0.0.0/8|*.10.0.0.0/8|172.16.0.0/12|*.172.16.0.0/12|localhost|*.localhost|local|*.local|crashlytics.com|*.crashlytics.com|&lt;local&gt;|*.&lt;local&gt;"/>
    <property name="jdk.debug" value="release"/>
    <property name="surefire.test.class.path" value="/Users/Administrator/Documents/WorkSpace/intellij_learn/geek/spring_study/geektime-spring-family-master/geektime-spring-family-master/Chapter 12/hot-dry-noodle/target/test-classes:/Users/Administrator/Documents/WorkSpace/intellij_learn/geek/spring_study/geektime-spring-family-master/geektime-spring-family-master/Chapter 12/hot-dry-noodle/target/classes:/Users/Administrator/Documents/Storage/MavenRepository/org/springframework/boot/spring-boot-starter/3.5.4/spring-boot-starter-3.5.4.jar:/Users/Administrator/Documents/Storage/MavenRepository/org/springframework/boot/spring-boot/3.5.4/spring-boot-3.5.4.jar:/Users/Administrator/Documents/Storage/MavenRepository/org/springframework/spring-context/6.2.9/spring-context-6.2.9.jar:/Users/Administrator/Documents/Storage/MavenRepository/org/springframework/spring-aop/6.2.9/spring-aop-6.2.9.jar:/Users/Administrator/Documents/Storage/MavenRepository/org/springframework/spring-beans/6.2.9/spring-beans-6.2.9.jar:/Users/Administrator/Documents/Storage/MavenRepository/org/springframework/spring-expression/6.2.9/spring-expression-6.2.9.jar:/Users/Administrator/Documents/Storage/MavenRepository/io/micrometer/micrometer-observation/1.15.2/micrometer-observation-1.15.2.jar:/Users/Administrator/Documents/Storage/MavenRepository/io/micrometer/micrometer-commons/1.15.2/micrometer-commons-1.15.2.jar:/Users/Administrator/Documents/Storage/MavenRepository/org/springframework/boot/spring-boot-autoconfigure/3.5.4/spring-boot-autoconfigure-3.5.4.jar:/Users/Administrator/Documents/Storage/MavenRepository/org/springframework/boot/spring-boot-starter-logging/3.5.4/spring-boot-starter-logging-3.5.4.jar:/Users/Administrator/Documents/Storage/MavenRepository/ch/qos/logback/logback-classic/1.5.18/logback-classic-1.5.18.jar:/Users/Administrator/Documents/Storage/MavenRepository/ch/qos/logback/logback-core/1.5.18/logback-core-1.5.18.jar:/Users/Administrator/Documents/Storage/MavenRepository/org/apache/logging/log4j/log4j-to-slf4j/2.24.3/log4j-to-slf4j-2.24.3.jar:/Users/Administrator/Documents/Storage/MavenRepository/org/apache/logging/log4j/log4j-api/2.24.3/log4j-api-2.24.3.jar:/Users/Administrator/Documents/Storage/MavenRepository/org/slf4j/jul-to-slf4j/2.0.17/jul-to-slf4j-2.0.17.jar:/Users/Administrator/Documents/Storage/MavenRepository/jakarta/annotation/jakarta.annotation-api/2.1.1/jakarta.annotation-api-2.1.1.jar:/Users/Administrator/Documents/Storage/MavenRepository/org/springframework/spring-core/6.2.9/spring-core-6.2.9.jar:/Users/Administrator/Documents/Storage/MavenRepository/org/springframework/spring-jcl/6.2.9/spring-jcl-6.2.9.jar:/Users/Administrator/Documents/Storage/MavenRepository/org/yaml/snakeyaml/2.4/snakeyaml-2.4.jar:/Users/Administrator/Documents/Storage/MavenRepository/org/springframework/boot/spring-boot-starter-test/3.5.4/spring-boot-starter-test-3.5.4.jar:/Users/Administrator/Documents/Storage/MavenRepository/org/springframework/boot/spring-boot-test/3.5.4/spring-boot-test-3.5.4.jar:/Users/Administrator/Documents/Storage/MavenRepository/org/springframework/boot/spring-boot-test-autoconfigure/3.5.4/spring-boot-test-autoconfigure-3.5.4.jar:/Users/Administrator/Documents/Storage/MavenRepository/com/jayway/jsonpath/json-path/2.9.0/json-path-2.9.0.jar:/Users/Administrator/Documents/Storage/MavenRepository/org/slf4j/slf4j-api/2.0.17/slf4j-api-2.0.17.jar:/Users/Administrator/Documents/Storage/MavenRepository/jakarta/xml/bind/jakarta.xml.bind-api/4.0.2/jakarta.xml.bind-api-4.0.2.jar:/Users/Administrator/Documents/Storage/MavenRepository/jakarta/activation/jakarta.activation-api/2.1.3/jakarta.activation-api-2.1.3.jar:/Users/Administrator/Documents/Storage/MavenRepository/net/minidev/json-smart/2.5.2/json-smart-2.5.2.jar:/Users/Administrator/Documents/Storage/MavenRepository/net/minidev/accessors-smart/2.5.2/accessors-smart-2.5.2.jar:/Users/Administrator/Documents/Storage/MavenRepository/org/ow2/asm/asm/9.7.1/asm-9.7.1.jar:/Users/Administrator/Documents/Storage/MavenRepository/org/assertj/assertj-core/3.27.3/assertj-core-3.27.3.jar:/Users/Administrator/Documents/Storage/MavenRepository/net/bytebuddy/byte-buddy/1.17.6/byte-buddy-1.17.6.jar:/Users/Administrator/Documents/Storage/MavenRepository/org/awaitility/awaitility/4.2.2/awaitility-4.2.2.jar:/Users/Administrator/Documents/Storage/MavenRepository/org/hamcrest/hamcrest/3.0/hamcrest-3.0.jar:/Users/Administrator/Documents/Storage/MavenRepository/org/junit/jupiter/junit-jupiter/5.12.2/junit-jupiter-5.12.2.jar:/Users/Administrator/Documents/Storage/MavenRepository/org/junit/jupiter/junit-jupiter-api/5.12.2/junit-jupiter-api-5.12.2.jar:/Users/Administrator/Documents/Storage/MavenRepository/org/opentest4j/opentest4j/1.3.0/opentest4j-1.3.0.jar:/Users/Administrator/Documents/Storage/MavenRepository/org/junit/platform/junit-platform-commons/1.12.2/junit-platform-commons-1.12.2.jar:/Users/Administrator/Documents/Storage/MavenRepository/org/apiguardian/apiguardian-api/1.1.2/apiguardian-api-1.1.2.jar:/Users/Administrator/Documents/Storage/MavenRepository/org/junit/jupiter/junit-jupiter-params/5.12.2/junit-jupiter-params-5.12.2.jar:/Users/Administrator/Documents/Storage/MavenRepository/org/junit/jupiter/junit-jupiter-engine/5.12.2/junit-jupiter-engine-5.12.2.jar:/Users/Administrator/Documents/Storage/MavenRepository/org/junit/platform/junit-platform-engine/1.12.2/junit-platform-engine-1.12.2.jar:/Users/Administrator/Documents/Storage/MavenRepository/org/mockito/mockito-core/5.17.0/mockito-core-5.17.0.jar:/Users/Administrator/Documents/Storage/MavenRepository/net/bytebuddy/byte-buddy-agent/1.17.6/byte-buddy-agent-1.17.6.jar:/Users/Administrator/Documents/Storage/MavenRepository/org/objenesis/objenesis/3.3/objenesis-3.3.jar:/Users/Administrator/Documents/Storage/MavenRepository/org/mockito/mockito-junit-jupiter/5.17.0/mockito-junit-jupiter-5.17.0.jar:/Users/Administrator/Documents/Storage/MavenRepository/org/skyscreamer/jsonassert/1.5.3/jsonassert-1.5.3.jar:/Users/Administrator/Documents/Storage/MavenRepository/com/vaadin/external/google/android-json/0.0.20131108.vaadin1/android-json-0.0.20131108.vaadin1.jar:/Users/Administrator/Documents/Storage/MavenRepository/org/springframework/spring-test/6.2.9/spring-test-6.2.9.jar:/Users/Administrator/Documents/Storage/MavenRepository/org/xmlunit/xmlunit-core/2.10.3/xmlunit-core-2.10.3.jar:"/>
    <property name="sun.cpu.endian" value="little"/>
    <property name="user.home" value="/Users/Administrator"/>
    <property name="user.language" value="en"/>
    <property name="java.specification.vendor" value="Oracle Corporation"/>
    <property name="java.version.date" value="2025-04-15"/>
    <property name="java.home" value="/Users/Administrator/Library/Java/JavaVirtualMachines/temurin-17.0.15/Contents/Home"/>
    <property name="file.separator" value="/"/>
    <property name="https.proxyHost" value="127.0.0.1"/>
    <property name="basedir" value="/Users/Administrator/Documents/WorkSpace/intellij_learn/geek/spring_study/geektime-spring-family-master/geektime-spring-family-master/Chapter 12/hot-dry-noodle"/>
    <property name="java.vm.compressedOopsMode" value="Zero based"/>
    <property name="line.separator" value="&#10;"/>
    <property name="java.vm.specification.vendor" value="Oracle Corporation"/>
    <property name="java.specification.name" value="Java Platform API Specification"/>
    <property name="FILE_LOG_CHARSET" value="UTF-8"/>
    <property name="java.awt.headless" value="true"/>
    <property name="surefire.real.class.path" value="/Users/Administrator/Documents/WorkSpace/intellij_learn/geek/spring_study/geektime-spring-family-master/geektime-spring-family-master/Chapter 12/hot-dry-noodle/target/surefire/surefirebooter-20250814213514291_3.jar"/>
    <property name="sun.management.compiler" value="HotSpot 64-Bit Tiered Compilers"/>
    <property name="ftp.nonProxyHosts" value="127.0.0.1|192.168.0.0/16|*.192.168.0.0/16|10.0.0.0/8|*.10.0.0.0/8|172.16.0.0/12|*.172.16.0.0/12|localhost|*.localhost|local|*.local|crashlytics.com|*.crashlytics.com|&lt;local&gt;|*.&lt;local&gt;"/>
    <property name="java.runtime.version" value="17.0.15+6"/>
    <property name="user.name" value="fengbaichao"/>
    <property name="path.separator" value=":"/>
    <property name="os.version" value="12.4"/>
    <property name="java.runtime.name" value="OpenJDK Runtime Environment"/>
    <property name="file.encoding" value="UTF-8"/>
    <property name="java.vm.name" value="OpenJDK 64-Bit Server VM"/>
    <property name="java.vendor.version" value="Temurin-17.0.15+6"/>
    <property name="localRepository" value="/Users/Administrator/Documents/Storage/MavenRepository"/>
    <property name="java.vendor.url.bug" value="https://github.com/adoptium/adoptium-support/issues"/>
    <property name="java.io.tmpdir" value="/var/folders/4v/spvy6b39051b476mvkk_vwnh0000gn/T/"/>
    <property name="java.version" value="17.0.15"/>
    <property name="user.dir" value="/Users/Administrator/Documents/WorkSpace/intellij_learn/geek/spring_study/geektime-spring-family-master/geektime-spring-family-master/Chapter 12/hot-dry-noodle"/>
    <property name="os.arch" value="x86_64"/>
    <property name="socksProxyPort" value="7890"/>
    <property name="java.vm.specification.name" value="Java Virtual Machine Specification"/>
    <property name="PID" value="4657"/>
    <property name="CONSOLE_LOG_CHARSET" value="UTF-8"/>
    <property name="native.encoding" value="UTF-8"/>
    <property name="java.library.path" value="/Users/Administrator/Library/Java/Extensions:/Library/Java/Extensions:/Network/Library/Java/Extensions:/System/Library/Java/Extensions:/usr/lib/java:."/>
    <property name="java.vm.info" value="mixed mode"/>
    <property name="java.vendor" value="Eclipse Adoptium"/>
    <property name="java.vm.version" value="17.0.15+6"/>
    <property name="java.specification.maintenance.version" value="1"/>
    <property name="sun.io.unicode.encoding" value="UnicodeBig"/>
    <property name="socksNonProxyHosts" value="127.0.0.1|192.168.0.0/16|*.192.168.0.0/16|10.0.0.0/8|*.10.0.0.0/8|172.16.0.0/12|*.172.16.0.0/12|localhost|*.localhost|local|*.local|crashlytics.com|*.crashlytics.com|&lt;local&gt;|*.&lt;local&gt;"/>
    <property name="java.class.version" value="61.0"/>
    <property name="LOGGED_APPLICATION_NAME" value="[hot-dry-noodle] "/>
    <property name="http.proxyPort" value="7890"/>
  </properties>
  <testcase name="contextLoads" classname="com.survey.hotdrynoodle.HotDryNoodleApplicationTests" time="0.657">
    <system-out><![CDATA[21:35:14.952 [main] INFO org.springframework.test.context.support.AnnotationConfigContextLoaderUtils -- Could not detect default configuration classes for test class [com.survey.hotdrynoodle.HotDryNoodleApplicationTests]: HotDryNoodleApplicationTests does not declare any static, non-private, non-final, nested classes annotated with @Configuration.
21:35:15.035 [main] INFO org.springframework.boot.test.context.SpringBootTestContextBootstrapper -- Found @SpringBootConfiguration com.survey.hotdrynoodle.HotDryNoodleApplication for test class com.survey.hotdrynoodle.HotDryNoodleApplicationTests

  .   ____          _            __ _ _
 /\\ / ___'_ __ _ _(_)_ __  __ _ \ \ \ \
( ( )\___ | '_ | '_| | '_ \/ _` | \ \ \ \
 \\/  ___)| |_)| | | | | || (_| |  ) ) ) )
  '  |____| .__|_| |_|_| |_\__, | / / / /
 =========|_|==============|___/=/_/_/_/

 :: Spring Boot ::                (v3.5.4)

2025-08-14T21:35:15.412+08:00  INFO 4657 --- [hot-dry-noodle] [           main] c.s.h.HotDryNoodleApplicationTests       : Starting HotDryNoodleApplicationTests using Java 17.0.15 with PID 4657 (started by fengbaichao in /Users/Administrator/Documents/WorkSpace/intellij_learn/geek/spring_study/geektime-spring-family-master/geektime-spring-family-master/Chapter 12/hot-dry-noodle)
2025-08-14T21:35:15.413+08:00  INFO 4657 --- [hot-dry-noodle] [           main] c.s.h.HotDryNoodleApplicationTests       : No active profile set, falling back to 1 default profile: "default"
2025-08-14T21:35:15.734+08:00  INFO 4657 --- [hot-dry-noodle] [           main] c.s.h.HotDryNoodleApplicationTests       : Started HotDryNoodleApplicationTests in 0.578 seconds (process running for 1.355)
]]></system-out>
  </testcase>
</testsuite>